## FULL
              IDF1   IDP   IDR  Rcll  Prcn  GT  MT  PT ML   FP    FN IDs    FM  MOTA  MOTP IDt IDa IDm
MOT17-02-DPM 50.2% 59.6% 43.4% 64.7% 89.1%  62  19  33 10 1479  6551 144   282 56.0% 0.208 110  42  18
MOT17-04-DPM 86.8% 87.8% 85.8% 95.3% 97.5%  83  76   7  0 1165  2215 111   171 92.7% 0.143  33  36   5
MOT17-05-DPM 67.9% 77.8% 60.2% 74.0% 95.6% 133  49  61 23  234  1799  71   101 69.6% 0.169  80  19  33
MOT17-09-DPM 71.3% 79.0% 64.9% 81.2% 98.9%  26  18   8  0   50  1000  21    54 79.9% 0.150  16  10   7
MOT17-10-DPM 56.6% 64.1% 50.7% 74.9% 94.8%  57  26  30  1  531  3226 144   239 69.6% 0.223  96  50   9
MOT17-11-DPM 75.3% 81.5% 69.9% 83.1% 96.7%  75  38  25 12  265  1599  32    52 79.9% 0.144  18  20   6
MOT17-13-DPM 62.5% 72.4% 54.9% 71.1% 93.8% 110  48  42 20  550  3367 109   168 65.4% 0.219  87  32  31
OVERALL      72.7% 78.5% 67.7% 82.4% 95.6% 546 274 206 66 4274 19757 632  1067 78.0% 0.168 440 209 109


## PART
              IDF1    IDP   IDR  Rcll   Prcn  GT  MT PT ML FP  FN IDs  FM  MOTA  MOTP IDt IDa IDm
MOT17-02-DPM 77.8% 100.0% 63.6% 63.6% 100.0%  22  14  0  8  0  24   0   0 63.6% 0.142   0   0   0
MOT17-04-DPM 96.4%  97.6% 95.2% 95.2%  97.6%  42  40  0  2  3   6   0   0 92.9% 0.159   0   0   0
MOT17-05-DPM 48.0% 100.0% 31.6% 31.6% 100.0%   7   2  0  5  0  13   0   0 31.6% 0.098   0   0   0
MOT17-09-DPM 83.9% 100.0% 72.2% 72.2% 100.0%   6   4  1  1  0   5   0   0 72.2% 0.193   0   0   0
MOT17-10-DPM 84.8% 100.0% 73.7% 73.7% 100.0%  19  14  0  5  0  15   0   0 73.7% 0.168   0   0   0
MOT17-11-DPM 74.1% 100.0% 58.8% 58.8% 100.0%  17  10  0  7  0  21   0   0 58.8% 0.160   0   0   0
MOT17-13-DPM 84.5%  96.1% 75.4% 75.4%  96.1%  22  16  1  5  2  16   0   1 72.3% 0.219   0   0   0
OVERALL      85.2%  98.4% 75.1% 75.1%  98.4% 135 100  2 33  5 100   0   1 73.9% 0.168   0   0   0


