## FULL
              IDF1   IDP   IDR  Rcll  Prcn  GT  MT  PT ML   FP    FN IDs    FM  MOTA  MOTP IDt IDa IDm
MOT17-02-DPM 55.5% 66.9% 47.4% 64.4% 90.9%  62  19  32 11 1199  6615 137   265 57.2% 0.204  98  42  20
MOT17-04-DPM 88.6% 89.7% 87.6% 95.3% 97.6%  83  76   7  0 1120  2234  61   170 92.8% 0.142  22  29   4
MOT17-05-DPM 69.1% 79.4% 61.2% 73.8% 95.7% 133  45  67 21  228  1814  55   104 69.7% 0.167  67  21  33
MOT17-09-DPM 69.1% 76.6% 62.9% 80.9% 98.6%  26  18   8  0   60  1017  27    53 79.3% 0.149  23   9   6
MOT17-10-DPM 54.6% 62.1% 48.8% 74.6% 95.1%  57  26  29  2  498  3255 146   242 69.6% 0.221  95  50   9
MOT17-11-DPM 75.6% 82.0% 70.1% 82.7% 96.8%  75  38  25 12  259  1633  32    55 79.6% 0.140  18  20   6
MOT17-13-DPM 63.8% 73.2% 56.5% 72.7% 94.2% 110  52  41 17  523  3173  86   164 67.5% 0.218  75  29  31
OVERALL      74.3% 80.4% 69.0% 82.4% 96.0% 546 274 209 63 3887 19741 544  1053 78.5% 0.166 398 200 109


## PART
              IDF1    IDP   IDR  Rcll   Prcn  GT  MT PT ML FP  FN IDs  FM  MOTA  MOTP IDt IDa IDm
MOT17-02-DPM 77.8% 100.0% 63.6% 63.6% 100.0%  22  14  0  8  0  24   0   0 63.6% 0.135   0   0   0
MOT17-04-DPM 96.4%  97.6% 95.2% 95.2%  97.6%  42  40  0  2  3   6   0   0 92.9% 0.153   0   0   0
MOT17-05-DPM 48.0% 100.0% 31.6% 31.6% 100.0%   7   2  0  5  0  13   0   0 31.6% 0.105   0   0   0
MOT17-09-DPM 80.0% 100.0% 66.7% 66.7% 100.0%   6   4  0  2  0   6   0   0 66.7% 0.150   0   0   0
MOT17-10-DPM 84.8% 100.0% 73.7% 73.7% 100.0%  19  14  0  5  0  15   0   0 73.7% 0.161   0   0   0
MOT17-11-DPM 74.1% 100.0% 58.8% 58.8% 100.0%  17  10  0  7  0  21   0   0 58.8% 0.146   0   0   0
MOT17-13-DPM 84.5%  96.1% 75.4% 75.4%  96.1%  22  16  1  5  2  16   0   1 72.3% 0.219   0   0   0
OVERALL      85.0%  98.4% 74.9% 74.9%  98.4% 135 100  1 34  5 101   0   1 73.6% 0.161   0   0   0


