The version is: v20251218161233

The update log:
******update time: 2025-12-18 16:12:33 ******

******update time: 2025-12-18 16:12:20 ******

******update time: 2025-12-18 16:12:00 ******
feat: ✨crtutils/calctime_detail support ZG customop-DetPostZG
******update time: 2025-12-18 15:37:44 ******

******update time: 2025-12-18 15:37:34 ******
feat: ✨pyrtutils/calctime_utils support ZG customop-DetPostZG
******update time: 2025-12-18 14:15:03 ******

******update time: 2025-12-18 14:14:53 ******
feat: ✨pyrtutils/Netinfo.py support DetPostZGNode
******update time: 2025-12-17 11:16:30 ******

******update time: 2025-12-17 11:16:23 ******
feat: ✨Netinfo.hpp support DetPostZGNode
******update time: 2025-12-12 16:35:36 ******
feat: ✨add ZG time analyze scripts
******update time: 2025-12-10 14:26:42 ******

******update time: 2025-12-10 14:26:35 ******
fix: 🐛analyze_time_utils/analyze_time update encoding type
******update time: 2025-11-28 15:32:47 ******

******update time: 2025-11-28 15:32:40 ******
fix: 🐛update CRT/calctime_detail for ZG
******update time: 2025-11-21 11:50:41 ******

******update time: 2025-11-21 11:48:26 ******
fix: 🐛py_utils/Netinfo correct getTag("compressFtmp")
******update time: 2025-11-20 13:41:00 ******

******update time: 2025-11-20 13:40:52 ******
docs: 📝update calctime_pyrt for ZG
******update time: 2025-11-20 13:39:00 ******

******update time: 2025-11-20 13:38:51 ******
docs: 📝update calctime_crt/pyrt for ZG
******update time: 2025-11-19 17:04:35 ******

******update time: 2025-11-19 17:04:24 ******
feat: ✨ocm_option默认从4改为-1(遍历)
******update time: 2025-11-18 15:13:58 ******

******update time: 2025-11-18 15:13:50 ******
docs: 📝py_calctime_utils/save_time BY移除io_process项
******update time: 2025-11-14 15:26:15 ******

******update time: 2025-11-14 15:26:06 ******

******update time: 2025-11-14 15:25:32 ******

******update time: 2025-11-14 15:25:24 ******

******update time: 2025-11-14 15:17:58 ******

******update time: 2025-11-14 15:17:49 ******
feat: ✨crt_calctime_detail添加ZG时间分析
******update time: 2025-11-12 16:49:10 ******

******update time: 2025-11-12 16:49:00 ******
feat: ✨py_calctime_utils添加ZG时间分析
******update time: 2025-11-12 09:34:23 ******

******update time: 2025-11-12 09:31:19 ******
feat: ✨calctime_detail添加ZG backend io_precess项
******update time: 2025-11-05 14:27:30 ******

******update time: 2025-11-05 14:27:22 ******
docs: 📝add gitlink url for git config
******update time: 2025-11-05 14:15:38 ******
feat: ✨update calctime&analyze time for 30TAI
******update time: 2025-10-27 14:53:51 ******
feat: ✨pyrt/icraft_utils增加icraftRun接口，用于前向后完成pl2ps搬运
******update time: 2025-10-20 15:53:51 ******

******update time: 2025-10-20 15:53:42 ******
feat: ✨icraft_utils.py支持zg330上板
******update time: 2025-10-20 14:34:20 ******

******update time: 2025-10-20 14:34:11 ******
feat: ✨icraft_utils.py支持zg330上板
******update time: 2025-10-20 14:30:14 ******

******update time: 2025-10-20 14:30:05 ******
feat: ✨icraft_utils.hpp支持zg330上板
******update time: 2025-09-03 10:46:38 ******

******update time: 2025-09-03 10:46:29 ******
docs: 📝remove useless print of icraft_utils.py/initSession
******update time: 2025-08-11 14:59:52 ******

******update time: 2025-08-11 14:59:43 ******

******update time: 2025-08-07 14:08:10 ******
fix: 🐛 pyrtutils/calctime_utils support pandas 1.x & 2.x
******update time: 2025-08-07 13:43:18 ******
feat: ✨icraft_utils.py/hpp getJrPath support linux
******update time: 2025-08-06 11:17:52 ******
fix: 🐛 pyrtutils/calctime_utils support pandas 1.x & 2.x
******update time: 2025-07-28 17:26:18 ******
docs: 📝修改文档
******update time: 2025-07-28 16:18:02 ******

******update time: 2025-07-28 16:16:55 ******

******update time: 2025-07-28 11:29:19 ******

******update time: 2025-07-24 16:32:39 ******
fix: 🐛updateDetpost支持仿真和上板情况下的修改阈值
******update time: 2025-07-22 20:55:01 ******
docs: 📝update C++_API_reference : dumpOutputFtmp
******update time: 2025-07-22 20:42:21 ******
feat: ✨CRT et_device fpgaDma support sint16 input
******update time: 2025-07-22 20:38:04 ******
docs: 📝update C++_API_reference & func dma_imk_Init
******update time: 2025-07-17 11:21:38 ******
fix: 🐛soft_nms修正为类内计算nms
******update time: 2025-07-11 15:10:24 ******
fix: 🐛fix pyrtutils/icraft_utils os==windows下xrt,xir变量的引用方式
******update time: 2025-07-02 14:05:44 ******
fix: 🐛修复pyrtutils-netinfo获取o_scale的逻辑，仅在网络有detpost时候才获取。
******update time: 2025-06-30 15:34:40 ******
feat: ✨pyrt Netinfo更正normratio获取方式
******update time: 2025-06-30 14:27:57 ******
fix: 🐛pyrt_utils更新dumpOutputFtmp接口与C++对齐
******update time: 2025-06-10 16:13:36 ******
feat: ✨icraft_utils支持运行linux_socket
******update time: 2025-06-04 10:40:24 ******
feat: ✨pyrt_utils添加dumpOutputFtmp
******update time: 2025-06-03 15:51:58 ******
feat: ✨icraft_utils添加dumpOutputFtmp
******update time: 2025-05-21 15:13:53 ******
feat: ✨et_device添加updateDetpost
******update time: 2025-04-25 14:25:42 ******
docs: 📝初始化3.30.0分支
******update time: 2025-04-25 14:22:34 ******
fix: 🐛修复by上speedmode和compressFtmp的开关逻辑
******update time: 2025-04-08 09:33:20 ******
fix: 🐛补充头文件及namespace
******update time: 2025-04-02 11:50:32 ******
feat: ✨getJrPath添加imodel输出信息
******update time: 2025-03-20 18:02:04 ******
feat: ✨补充mmumode参数
perf: 👌调整参数顺序
******update time: 2025-03-20 17:55:17 ******
feat: ✨批量更新330mzu
******update time: 2025-02-11 17:31:24 ******
feat: ✨初始化330版本alpha分支
